node:internal/modules/cjs/loader:1433
  throw err;
  ^

Error: Cannot find module '/Users/q/Developer/scout/apps/web/node_modules/.bin/next'
    at Function._resolveFilename (node:internal/modules/cjs/loader:1430:15)
    at defaultResolveImpl (node:internal/modules/cjs/loader:1040:19)
    at resolveForCJSWithHooks (node:internal/modules/cjs/loader:1045:22)
    at Function._load (node:internal/modules/cjs/loader:1216:25)
    at wrapModuleLoad (node:internal/modules/cjs/loader:254:19)
    at Function.executeUserEntryPoint [as runMain] (node:internal/modules/run_main:171:5)
    at node:internal/main/run_main_module:36:49 {
  code: 'MODULE_NOT_FOUND',
  requireStack: []
}

Node.js v22.22.3
 ⚠ Invalid next.config.js options detected: 
 ⚠     Unrecognized key(s) in object: 'ignoreDuringBuilds'
 ⚠ See more info here: https://nextjs.org/docs/messages/invalid-next-config
 ⚠ Found a change in next.config.js. Restarting the server to apply the changes...
 ⚠ Port 3000 is in use, trying 3001 instead.
