2025-12-24 02:25:20,498 - INFO - Starting scrape: 2005 to 2025
2025-12-24 02:25:20,498 - INFO - Sports to scrape: 33
2025-12-24 02:25:20,498 - INFO - Using 5 parallel workers
2025-12-24 02:25:20,499 - INFO - Total requests to make: 693
2025-12-24 02:25:21,835 - INFO - [1/693] OK baseball 2009: 27 athletes
2025-12-24 02:25:21,948 - INFO - [2/693] OK baseball 2008: 30 athletes
2025-12-24 02:25:22,094 - INFO - [3/693] OK baseball 2007: 28 athletes
2025-12-24 02:25:22,121 - INFO - [4/693] OK baseball 2005: 28 athletes
2025-12-24 02:25:22,210 - INFO - [5/693] OK baseball 2006: 32 athletes
2025-12-24 02:25:22,745 - INFO - [6/693] OK baseball 2010: 32 athletes
2025-12-24 02:25:22,870 - INFO - [7/693] OK baseball 2011: 35 athletes
2025-12-24 02:25:23,050 - INFO - [8/693] OK baseball 2013: 35 athletes
2025-12-24 02:25:23,293 - INFO - [9/693] OK baseball 2014: 35 athletes
2025-12-24 02:25:23,394 - INFO - [10/693] OK baseball 2012: 35 athletes
2025-12-24 02:25:23,851 - INFO - [11/693] OK baseball 2015: 35 athletes
2025-12-24 02:25:24,603 - INFO - [12/693] OK baseball 2016: 33 athletes
2025-12-24 02:25:24,641 - INFO - [13/693] OK baseball 2017: 35 athletes
2025-12-24 02:25:25,422 - INFO - [14/693] OK baseball 2019: 33 athletes
2025-12-24 02:25:25,423 - INFO - [15/693] OK baseball 2018: 34 athletes
2025-12-24 02:25:25,952 - INFO - [16/693] OK baseball 2020: 35 athletes
2025-12-24 02:25:26,368 - INFO - [17/693] OK baseball 2021: 30 athletes
2025-12-24 02:25:26,603 - INFO - [18/693] OK baseball 2022: 35 athletes
2025-12-24 02:25:27,100 - INFO - [19/693] OK baseball 2023: 33 athletes
2025-12-24 02:25:27,614 - INFO - [20/693] OK baseball 2024: 35 athletes
2025-12-24 02:25:27,771 - INFO - [21/693] OK mens-basketball 2005: 14 athletes
2025-12-24 02:25:27,900 - INFO - [22/693] OK baseball 2025: 37 athletes
2025-12-24 02:25:28,088 - INFO - [23/693] OK mens-basketball 2006: 19 athletes
2025-12-24 02:25:28,241 - INFO - [24/693] OK mens-basketball 2007: 16 athletes
2025-12-24 02:25:28,460 - INFO - [25/693] OK mens-basketball 2008: 20 athletes
2025-12-24 02:25:28,718 - INFO - [26/693] OK mens-basketball 2009: 20 athletes
2025-12-24 02:25:29,119 - INFO - [27/693] OK mens-basketball 2010: 18 athletes
2025-12-24 02:25:29,478 - INFO - [28/693] OK mens-basketball 2011: 21 athletes
2025-12-24 02:25:29,495 - INFO - [29/693] OK mens-basketball 2012: 20 athletes
2025-12-24 02:25:29,801 - INFO - [30/693] OK mens-basketball 2014: 17 athletes
2025-12-24 02:25:29,889 - INFO - [31/693] OK mens-basketball 2013: 17 athletes
2025-12-24 02:25:30,421 - INFO - [32/693] OK mens-basketball 2016: 18 athletes
2025-12-24 02:25:30,467 - INFO - [33/693] OK mens-basketball 2015: 19 athletes
2025-12-24 02:25:30,654 - INFO - [34/693] OK mens-basketball 2017: 16 athletes
2025-12-24 02:25:30,845 - INFO - [35/693] OK mens-basketball 2018: 17 athletes
2025-12-24 02:25:31,070 - INFO - [36/693] OK mens-basketball 2019: 16 athletes
2025-12-24 02:25:31,388 - INFO - [37/693] OK mens-basketball 2021: 18 athletes
2025-12-24 02:25:31,608 - INFO - [38/693] OK mens-basketball 2020: 19 athletes
2025-12-24 02:25:31,985 - INFO - [39/693] OK mens-basketball 2022: 19 athletes
2025-12-24 02:25:32,031 - INFO - [40/693] OK mens-basketball 2023: 21 athletes
2025-12-24 02:25:32,502 - INFO - [41/693] OK mens-basketball 2024: 20 athletes
2025-12-24 02:25:32,627 - INFO - [42/693] OK mens-basketball 2025: 20 athletes
2025-12-24 02:25:33,798 - INFO - [43/693] OK mens-cross-country 2006: 30 athletes
2025-12-24 02:25:33,892 - INFO - [44/693] OK mens-cross-country 2007: 24 athletes
2025-12-24 02:25:34,313 - INFO - [45/693] OK mens-cross-country 2005: 32 athletes
2025-12-24 02:25:34,536 - INFO - [46/693] OK mens-cross-country 2008: 26 athletes
2025-12-24 02:25:34,537 - INFO - [47/693] OK mens-cross-country 2009: 24 athletes
2025-12-24 02:25:34,981 - INFO - [48/693] OK mens-cross-country 2010: 25 athletes
2025-12-24 02:25:34,985 - INFO - [49/693] OK mens-cross-country 2011: 26 athletes
2025-12-24 02:25:35,314 - INFO - [50/693] OK mens-cross-country 2012: 25 athletes
2025-12-24 02:25:35,315 - INFO - Progress: 50/693 (7.2%) - ETA: 3.2 min
2025-12-24 02:25:35,516 - INFO - [51/693] OK mens-cross-country 2014: 23 athletes
2025-12-24 02:25:35,772 - INFO - [52/693] OK mens-cross-country 2013: 26 athletes
2025-12-24 02:25:36,168 - INFO - [53/693] OK mens-cross-country 2015: 30 athletes
2025-12-24 02:25:36,168 - INFO - [54/693] OK mens-cross-country 2016: 27 athletes
2025-12-24 02:25:36,470 - INFO - [55/693] OK mens-cross-country 2017: 31 athletes
2025-12-24 02:25:36,843 - INFO - [56/693] OK mens-cross-country 2018: 25 athletes
2025-12-24 02:25:37,752 - INFO - [57/693] OK mens-cross-country 2019: 28 athletes
2025-12-24 02:25:38,040 - INFO - [58/693] OK mens-cross-country 2021: 29 athletes
2025-12-24 02:25:38,155 - INFO - [59/693] OK mens-cross-country 2020: 29 athletes
2025-12-24 02:25:38,340 - INFO - [60/693] OK mens-cross-country 2022: 23 athletes
2025-12-24 02:25:38,421 - INFO - [61/693] OK mens-cross-country 2023: 26 athletes
2025-12-24 02:25:39,045 - INFO - [62/693] OK mens-cross-country 2025: 24 athletes
2025-12-24 02:25:39,711 - INFO - [63/693] OK mens-cross-country 2024: 27 athletes
2025-12-24 02:25:40,248 - INFO - [64/693] OK football 2005: 108 athletes
2025-12-24 02:25:41,331 - INFO - [65/693] OK football 2006: 100 athletes
2025-12-24 02:25:42,729 - INFO - [66/693] OK football 2007: 105 athletes
2025-12-24 02:25:44,120 - INFO - [67/693] OK football 2008: 122 athletes
2025-12-24 02:25:44,215 - INFO - [68/693] OK football 2009: 94 athletes
2025-12-24 02:25:45,136 - INFO - [69/693] OK football 2010: 108 athletes
2025-12-24 02:25:45,460 - INFO - [70/693] OK football 2011: 103 athletes
2025-12-24 02:25:45,645 - INFO - [71/693] OK football 2012: 104 athletes
2025-12-24 02:25:45,980 - INFO - [72/693] OK football 2013: 103 athletes
2025-12-24 02:25:46,554 - INFO - [73/693] OK football 2014: 101 athletes
2025-12-24 02:25:47,513 - INFO - [74/693] OK football 2015: 110 athletes
2025-12-24 02:25:47,687 - INFO - [75/693] OK football 2016: 114 athletes
2025-12-24 02:25:47,919 - INFO - [76/693] OK football 2017: 119 athletes
2025-12-24 02:25:48,732 - INFO - [77/693] OK football 2018: 118 athletes
2025-12-24 02:25:49,244 - INFO - [78/693] OK football 2019: 116 athletes
2025-12-24 02:25:49,677 - INFO - [79/693] OK football 2020: 109 athletes
2025-12-24 02:25:50,042 - INFO - [80/693] OK football 2021: 134 athletes
2025-12-24 02:25:50,463 - INFO - [81/693] OK football 2022: 105 athletes
2025-12-24 02:25:51,915 - INFO - [82/693] OK football 2023: 115 athletes
2025-12-24 02:25:52,119 - INFO - [83/693] OK football 2025: 122 athletes
2025-12-24 02:25:52,177 - INFO - [84/693] OK football 2024: 108 athletes
2025-12-24 02:25:52,177 - INFO - [85/693] OK mens-golf 2005: 10 athletes
2025-12-24 02:25:52,708 - INFO - [86/693] OK mens-golf 2006: 10 athletes
2025-12-24 02:25:53,038 - INFO - [87/693] OK mens-golf 2007: 9 athletes
2025-12-24 02:25:53,119 - INFO - [88/693] OK mens-golf 2008: 10 athletes
2025-12-24 02:25:53,201 - INFO - [89/693] OK mens-golf 2010: 14 athletes
2025-12-24 02:25:53,314 - INFO - [90/693] OK mens-golf 2009: 11 athletes
2025-12-24 02:25:53,807 - INFO - [91/693] OK mens-golf 2011: 10 athletes
2025-12-24 02:25:53,882 - INFO - [92/693] OK mens-golf 2012: 14 athletes
2025-12-24 02:25:54,134 - INFO - [93/693] OK mens-golf 2013: 10 athletes
2025-12-24 02:25:54,577 - INFO - [94/693] OK mens-golf 2015: 12 athletes
2025-12-24 02:25:54,643 - INFO - [95/693] OK mens-golf 2014: 11 athletes
2025-12-24 02:25:55,107 - INFO - [96/693] OK mens-golf 2016: 10 athletes
2025-12-24 02:25:55,198 - INFO - [97/693] OK mens-golf 2018: 8 athletes
2025-12-24 02:25:55,251 - INFO - [98/693] OK mens-golf 2017: 9 athletes
2025-12-24 02:25:55,747 - INFO - [99/693] OK mens-golf 2019: 11 athletes
2025-12-24 02:25:55,861 - INFO - [100/693] OK mens-golf 2020: 9 athletes
2025-12-24 02:25:55,867 - INFO - Progress: 100/693 (14.4%) - ETA: 3.5 min
2025-12-24 02:25:56,004 - INFO - [101/693] OK mens-golf 2021: 14 athletes
2025-12-24 02:25:56,434 - INFO - [102/693] OK mens-golf 2025: 9 athletes
2025-12-24 02:25:56,684 - INFO - [103/693] OK mens-golf 2023: 8 athletes
2025-12-24 02:25:56,691 - INFO - [104/693] OK mens-golf 2022: 12 athletes
2025-12-24 02:25:56,758 - INFO - [105/693] OK mens-golf 2024: 10 athletes
2025-12-24 02:25:56,939 - INFO - [106/693] OK mens-ice-hockey 2005: 25 athletes
2025-12-24 02:25:57,254 - INFO - [107/693] OK mens-ice-hockey 2006: 28 athletes
2025-12-24 02:25:57,413 - INFO - [108/693] OK mens-ice-hockey 2007: 25 athletes
2025-12-24 02:25:57,896 - INFO - [109/693] OK mens-ice-hockey 2009: 27 athletes
2025-12-24 02:25:57,897 - INFO - [110/693] OK mens-ice-hockey 2010: 26 athletes
2025-12-24 02:25:58,041 - INFO - [111/693] OK mens-ice-hockey 2008: 26 athletes
2025-12-24 02:25:58,453 - INFO - [112/693] OK mens-ice-hockey 2011: 26 athletes
2025-12-24 02:25:58,453 - INFO - [113/693] OK mens-ice-hockey 2012: 27 athletes
2025-12-24 02:25:58,833 - INFO - [114/693] OK mens-ice-hockey 2013: 27 athletes
2025-12-24 02:25:59,084 - INFO - [115/693] OK mens-ice-hockey 2014: 27 athletes
2025-12-24 02:25:59,129 - INFO - [116/693] OK mens-ice-hockey 2015: 29 athletes
2025-12-24 02:25:59,279 - INFO - [117/693] OK mens-ice-hockey 2017: 26 athletes
2025-12-24 02:25:59,476 - INFO - [118/693] OK mens-ice-hockey 2016: 28 athletes
2025-12-24 02:25:59,673 - INFO - [119/693] OK mens-ice-hockey 2018: 26 athletes
2025-12-24 02:26:00,072 - INFO - [120/693] OK mens-ice-hockey 2019: 29 athletes
2025-12-24 02:26:00,199 - INFO - [121/693] OK mens-ice-hockey 2020: 20 athletes
2025-12-24 02:26:00,525 - INFO - [122/693] OK mens-ice-hockey 2022: 28 athletes
2025-12-24 02:26:00,530 - INFO - [123/693] OK mens-ice-hockey 2021: 30 athletes
2025-12-24 02:26:00,866 - INFO - [124/693] OK mens-ice-hockey 2023: 28 athletes
2025-12-24 02:26:01,155 - INFO - [125/693] OK mens-ice-hockey 2024: 29 athletes
2025-12-24 02:26:01,279 - INFO - [126/693] OK mens-ice-hockey 2025: 31 athletes
2025-12-24 02:26:01,613 - INFO - [127/693] OK mens-lacrosse 2005: 35 athletes
2025-12-24 02:26:01,740 - INFO - [128/693] OK mens-lacrosse 2006: 39 athletes
2025-12-24 02:26:01,900 - INFO - [129/693] OK mens-lacrosse 2007: 43 athletes
2025-12-24 02:26:02,557 - INFO - [130/693] OK mens-lacrosse 2009: 45 athletes
2025-12-24 02:26:02,772 - INFO - [131/693] OK mens-lacrosse 2008: 47 athletes
2025-12-24 02:26:02,773 - INFO - [132/693] OK mens-lacrosse 2010: 43 athletes
2025-12-24 02:26:03,122 - INFO - [133/693] OK mens-lacrosse 2012: 46 athletes
2025-12-24 02:26:03,188 - INFO - [134/693] OK mens-lacrosse 2011: 43 athletes
2025-12-24 02:26:03,765 - INFO - [135/693] OK mens-lacrosse 2013: 41 athletes
2025-12-24 02:26:04,141 - INFO - [136/693] OK mens-lacrosse 2014: 36 athletes
2025-12-24 02:26:04,157 - INFO - [137/693] OK mens-lacrosse 2015: 43 athletes
2025-12-24 02:26:04,631 - INFO - [138/693] OK mens-lacrosse 2017: 47 athletes
2025-12-24 02:26:04,654 - INFO - [139/693] OK mens-lacrosse 2016: 45 athletes
2025-12-24 02:26:05,509 - INFO - [140/693] OK mens-lacrosse 2018: 49 athletes
2025-12-24 02:26:05,564 - INFO - [141/693] OK mens-lacrosse 2019: 50 athletes
2025-12-24 02:26:05,651 - INFO - [142/693] OK mens-lacrosse 2020: 46 athletes
2025-12-24 02:26:05,761 - INFO - [143/693] OK mens-lacrosse 2021: 20 athletes
2025-12-24 02:26:05,930 - INFO - [144/693] OK mens-lacrosse 2022: 48 athletes
2025-12-24 02:26:06,788 - INFO - [145/693] OK mens-lacrosse 2023: 52 athletes
2025-12-24 02:26:07,603 - INFO - [146/693] OK mens-lacrosse 2025: 54 athletes
2025-12-24 02:26:07,654 - INFO - [147/693] OK mens-lacrosse 2024: 56 athletes
2025-12-24 02:26:08,308 - INFO - [148/693] OK rowing 2005: 41 athletes
2025-12-24 02:26:08,413 - INFO - [149/693] OK rowing 2006: 50 athletes
2025-12-24 02:26:08,912 - INFO - [150/693] OK rowing 2007: 52 athletes
2025-12-24 02:26:08,915 - INFO - Progress: 150/693 (21.6%) - ETA: 2.9 min
2025-12-24 02:26:10,027 - INFO - [151/693] OK rowing 2008: 52 athletes
2025-12-24 02:26:10,138 - INFO - [152/693] OK rowing 2009: 57 athletes
2025-12-24 02:26:10,342 - INFO - [153/693] OK rowing 2010: 53 athletes
2025-12-24 02:26:10,603 - INFO - [154/693] OK rowing 2011: 47 athletes
2025-12-24 02:26:10,977 - INFO - [155/693] OK rowing 2012: 51 athletes
2025-12-24 02:26:11,771 - INFO - [156/693] OK rowing 2013: 46 athletes
2025-12-24 02:26:12,428 - INFO - [157/693] OK rowing 2014: 51 athletes
2025-12-24 02:26:12,586 - INFO - [158/693] OK rowing 2015: 52 athletes
2025-12-24 02:26:12,649 - INFO - [159/693] OK rowing 2016: 43 athletes
2025-12-24 02:26:12,788 - INFO - [160/693] OK rowing 2017: 37 athletes
2025-12-24 02:26:13,602 - INFO - [161/693] OK rowing 2018: 45 athletes
2025-12-24 02:26:14,252 - INFO - [162/693] OK rowing 2019: 46 athletes
2025-12-24 02:26:14,703 - INFO - [163/693] OK rowing 2021: 55 athletes
2025-12-24 02:26:14,860 - INFO - [164/693] OK rowing 2020: 43 athletes
2025-12-24 02:26:15,334 - INFO - [165/693] OK rowing 2022: 56 athletes
2025-12-24 02:26:15,767 - INFO - [166/693] OK rowing 2023: 52 athletes
2025-12-24 02:26:15,819 - INFO - [167/693] OK rowing 2025: 53 athletes
2025-12-24 02:26:16,129 - INFO - [168/693] OK rowing 2024: 53 athletes
2025-12-24 02:26:17,375 - INFO - [170/693] OK mens-rowing 2006: 52 athletes
2025-12-24 02:26:17,574 - INFO - [171/693] OK mens-rowing 2007: 34 athletes
2025-12-24 02:26:17,735 - INFO - [172/693] OK mens-rowing 2008: 61 athletes
2025-12-24 02:26:18,210 - INFO - [173/693] OK mens-rowing 2009: 61 athletes
2025-12-24 02:26:18,551 - INFO - [174/693] OK mens-rowing 2010: 50 athletes
2025-12-24 02:26:19,245 - INFO - [175/693] OK mens-rowing 2011: 50 athletes
2025-12-24 02:26:19,731 - INFO - [176/693] OK mens-rowing 2012: 57 athletes
2025-12-24 02:26:19,733 - INFO - [177/693] OK mens-rowing 2013: 55 athletes
2025-12-24 02:26:20,132 - INFO - [178/693] OK mens-rowing 2014: 57 athletes
2025-12-24 02:26:20,837 - INFO - [179/693] OK mens-rowing 2015: 63 athletes
2025-12-24 02:26:20,963 - INFO - [180/693] OK mens-rowing 2016: 47 athletes
2025-12-24 02:26:21,586 - INFO - [181/693] OK mens-rowing 2018: 42 athletes
2025-12-24 02:26:21,754 - INFO - [182/693] OK mens-rowing 2017: 46 athletes
2025-12-24 02:26:22,162 - INFO - [183/693] OK mens-rowing 2019: 42 athletes
2025-12-24 02:26:22,410 - INFO - [184/693] OK mens-rowing 2021: 42 athletes
2025-12-24 02:26:22,824 - INFO - [185/693] OK mens-rowing 2020: 33 athletes
2025-12-24 02:26:23,002 - INFO - [186/693] OK mens-rowing 2022: 44 athletes
2025-12-24 02:26:23,534 - INFO - [187/693] OK mens-rowing 2023: 47 athletes
2025-12-24 02:26:23,696 - INFO - [188/693] OK mens-rowing 2025: 39 athletes
2025-12-24 02:26:24,141 - INFO - [189/693] OK mens-soccer 2006: 29 athletes
2025-12-24 02:26:24,295 - INFO - [190/693] OK mens-rowing 2024: 45 athletes
2025-12-24 02:26:24,297 - INFO - [191/693] OK mens-soccer 2005: 25 athletes
2025-12-24 02:26:24,527 - INFO - [192/693] OK mens-soccer 2007: 29 athletes
2025-12-24 02:26:24,773 - INFO - [193/693] OK mens-soccer 2008: 29 athletes
2025-12-24 02:26:25,280 - INFO - [194/693] OK mens-soccer 2011: 29 athletes
2025-12-24 02:26:25,284 - INFO - [195/693] OK mens-soccer 2010: 36 athletes
2025-12-24 02:26:25,536 - INFO - [196/693] OK mens-soccer 2009: 28 athletes
2025-12-24 02:26:25,550 - INFO - [197/693] OK mens-soccer 2012: 26 athletes
2025-12-24 02:26:26,002 - INFO - [198/693] OK mens-soccer 2013: 26 athletes
2025-12-24 02:26:26,151 - INFO - [199/693] OK mens-soccer 2015: 24 athletes
2025-12-24 02:26:26,317 - INFO - [200/693] OK mens-soccer 2016: 31 athletes
2025-12-24 02:26:26,318 - INFO - Progress: 200/693 (28.9%) - ETA: 2.7 min
2025-12-24 02:26:26,629 - INFO - [201/693] OK mens-soccer 2017: 24 athletes
2025-12-24 02:26:26,692 - INFO - [202/693] OK mens-soccer 2014: 27 athletes
2025-12-24 02:26:26,925 - INFO - [203/693] OK mens-soccer 2018: 28 athletes
2025-12-24 02:26:27,115 - INFO - [204/693] OK mens-soccer 2019: 29 athletes
2025-12-24 02:26:27,500 - INFO - [205/693] OK mens-soccer 2022: 33 athletes
2025-12-24 02:26:27,884 - INFO - [206/693] OK mens-soccer 2020: 28 athletes
2025-12-24 02:26:28,027 - INFO - [207/693] OK mens-soccer 2021: 36 athletes
2025-12-24 02:26:28,055 - INFO - [208/693] OK mens-soccer 2023: 33 athletes
2025-12-24 02:26:28,459 - INFO - [209/693] OK mens-soccer 2024: 35 athletes
2025-12-24 02:26:28,622 - INFO - [210/693] OK mens-soccer 2025: 32 athletes
2025-12-24 02:26:28,983 - INFO - [211/693] OK sprint-football 2006: 60 athletes
2025-12-24 02:26:29,312 - INFO - [212/693] OK sprint-football 2005: 61 athletes
2025-12-24 02:26:29,689 - INFO - [213/693] OK sprint-football 2007: 66 athletes
2025-12-24 02:26:29,939 - INFO - [214/693] OK sprint-football 2008: 63 athletes
2025-12-24 02:26:30,025 - INFO - [215/693] OK sprint-football 2009: 64 athletes
2025-12-24 02:26:30,422 - INFO - [216/693] OK sprint-football 2010: 63 athletes
2025-12-24 02:26:30,788 - INFO - [217/693] OK sprint-football 2011: 64 athletes
2025-12-24 02:26:31,182 - INFO - [218/693] OK sprint-football 2012: 67 athletes
2025-12-24 02:26:31,339 - INFO - [219/693] OK sprint-football 2013: 63 athletes
2025-12-24 02:26:31,653 - INFO - [220/693] OK sprint-football 2014: 64 athletes
2025-12-24 02:26:31,756 - INFO - [221/693] OK sprint-football 2015: 62 athletes
2025-12-24 02:26:32,229 - INFO - [222/693] OK sprint-football 2016: 58 athletes
2025-12-24 02:26:32,611 - INFO - [223/693] OK sprint-football 2017: 55 athletes
2025-12-24 02:26:32,896 - INFO - [224/693] OK sprint-football 2018: 59 athletes
2025-12-24 02:26:33,055 - INFO - [225/693] OK sprint-football 2020: 44 athletes
2025-12-24 02:26:33,339 - INFO - [226/693] OK sprint-football 2019: 59 athletes
2025-12-24 02:26:33,379 - INFO - [227/693] OK sprint-football 2021: 52 athletes
2025-12-24 02:26:33,899 - INFO - [228/693] OK sprint-football 2022: 56 athletes
2025-12-24 02:26:34,525 - INFO - [229/693] OK mens-squash 2005: 20 athletes
2025-12-24 02:26:34,542 - INFO - [230/693] OK sprint-football 2023: 54 athletes
2025-12-24 02:26:34,652 - INFO - [231/693] OK sprint-football 2024: 57 athletes
2025-12-24 02:26:34,795 - INFO - [232/693] OK mens-squash 2006: 13 athletes
2025-12-24 02:26:34,905 - INFO - [233/693] OK sprint-football 2025: 49 athletes
2025-12-24 02:26:35,289 - INFO - [234/693] OK mens-squash 2008: 13 athletes
2025-12-24 02:26:35,370 - INFO - [235/693] OK mens-squash 2007: 14 athletes
2025-12-24 02:26:35,522 - INFO - [236/693] OK mens-squash 2009: 13 athletes
2025-12-24 02:26:35,523 - INFO - [237/693] OK mens-squash 2010: 14 athletes
2025-12-24 02:26:35,822 - INFO - [238/693] OK mens-squash 2011: 16 athletes
2025-12-24 02:26:35,962 - INFO - [239/693] OK mens-squash 2012: 17 athletes
2025-12-24 02:26:36,256 - INFO - [240/693] OK mens-squash 2015: 20 athletes
2025-12-24 02:26:36,266 - INFO - [241/693] OK mens-squash 2013: 16 athletes
2025-12-24 02:26:36,372 - INFO - [242/693] OK mens-squash 2014: 17 athletes
2025-12-24 02:26:36,553 - INFO - [243/693] OK mens-squash 2016: 16 athletes
2025-12-24 02:26:36,669 - INFO - [244/693] OK mens-squash 2017: 16 athletes
2025-12-24 02:26:36,988 - INFO - [245/693] OK mens-squash 2018: 16 athletes
2025-12-24 02:26:37,096 - INFO - [246/693] OK mens-squash 2019: 18 athletes
2025-12-24 02:26:37,382 - INFO - [247/693] OK mens-squash 2020: 18 athletes
2025-12-24 02:26:37,489 - INFO - [248/693] OK mens-squash 2021: 21 athletes
2025-12-24 02:26:37,674 - INFO - [249/693] OK mens-squash 2022: 17 athletes
2025-12-24 02:26:38,144 - INFO - [250/693] OK mens-squash 2024: 16 athletes
2025-12-24 02:26:38,161 - INFO - Progress: 250/693 (36.1%) - ETA: 2.3 min
2025-12-24 02:26:38,174 - INFO - [251/693] OK mens-squash 2023: 17 athletes
2025-12-24 02:26:38,267 - INFO - [252/693] OK mens-squash 2025: 15 athletes
2025-12-24 02:26:38,657 - INFO - [253/693] OK mens-swimming-and-diving 2006: 28 athletes
2025-12-24 02:26:38,795 - INFO - [254/693] OK mens-swimming-and-diving 2005: 32 athletes
2025-12-24 02:26:38,979 - INFO - [255/693] OK mens-swimming-and-diving 2008: 32 athletes
2025-12-24 02:26:39,209 - INFO - [256/693] OK mens-swimming-and-diving 2009: 24 athletes
2025-12-24 02:26:39,310 - INFO - [257/693] OK mens-swimming-and-diving 2007: 28 athletes
2025-12-24 02:26:39,461 - INFO - [258/693] OK mens-swimming-and-diving 2010: 33 athletes
2025-12-24 02:26:39,598 - INFO - [259/693] OK mens-swimming-and-diving 2011: 31 athletes
2025-12-24 02:26:39,853 - INFO - [260/693] OK mens-swimming-and-diving 2012: 32 athletes
2025-12-24 02:26:40,106 - INFO - [261/693] OK mens-swimming-and-diving 2014: 31 athletes
2025-12-24 02:26:40,465 - INFO - [262/693] OK mens-swimming-and-diving 2013: 27 athletes
2025-12-24 02:26:40,615 - INFO - [263/693] OK mens-swimming-and-diving 2015: 32 athletes
2025-12-24 02:26:40,738 - INFO - [264/693] OK mens-swimming-and-diving 2016: 27 athletes
2025-12-24 02:26:40,993 - INFO - [265/693] OK mens-swimming-and-diving 2018: 32 athletes
2025-12-24 02:26:41,056 - INFO - [266/693] OK mens-swimming-and-diving 2017: 34 athletes
2025-12-24 02:26:41,345 - INFO - [267/693] OK mens-swimming-and-diving 2019: 34 athletes
2025-12-24 02:26:41,469 - INFO - [268/693] OK mens-swimming-and-diving 2020: 30 athletes
2025-12-24 02:26:41,655 - INFO - [269/693] OK mens-swimming-and-diving 2021: 30 athletes
2025-12-24 02:26:41,975 - INFO - [270/693] OK mens-swimming-and-diving 2023: 30 athletes
2025-12-24 02:26:42,041 - INFO - [271/693] OK mens-swimming-and-diving 2022: 30 athletes
2025-12-24 02:26:42,334 - INFO - [272/693] OK mens-swimming-and-diving 2024: 34 athletes
2025-12-24 02:26:42,471 - INFO - [273/693] OK mens-swimming-and-diving 2025: 30 athletes
2025-12-24 02:26:43,050 - INFO - [274/693] OK mens-tennis 2005: 15 athletes
2025-12-24 02:26:43,380 - INFO - [275/693] OK mens-tennis 2006: 15 athletes
2025-12-24 02:26:43,604 - INFO - [276/693] OK mens-tennis 2007: 16 athletes
2025-12-24 02:26:43,688 - INFO - [277/693] OK mens-tennis 2008: 14 athletes
2025-12-24 02:26:43,786 - INFO - [278/693] OK mens-tennis 2009: 13 athletes
2025-12-24 02:26:44,176 - INFO - [279/693] OK mens-tennis 2010: 16 athletes
2025-12-24 02:26:44,571 - INFO - [280/693] OK mens-tennis 2011: 16 athletes
2025-12-24 02:26:44,734 - INFO - [281/693] OK mens-tennis 2012: 17 athletes
2025-12-24 02:26:44,885 - INFO - [282/693] OK mens-tennis 2013: 14 athletes
2025-12-24 02:26:44,976 - INFO - [283/693] OK mens-tennis 2014: 14 athletes
2025-12-24 02:26:45,140 - INFO - [284/693] OK mens-tennis 2015: 12 athletes
2025-12-24 02:26:46,035 - INFO - [285/693] OK mens-tennis 2017: 12 athletes
2025-12-24 02:26:46,127 - INFO - [286/693] OK mens-tennis 2016: 16 athletes
2025-12-24 02:26:46,254 - INFO - [287/693] OK mens-tennis 2018: 12 athletes
2025-12-24 02:26:46,332 - INFO - [288/693] OK mens-tennis 2019: 13 athletes
2025-12-24 02:26:46,532 - INFO - [289/693] OK mens-tennis 2020: 7 athletes
2025-12-24 02:26:47,095 - INFO - [290/693] OK mens-tennis 2022: 13 athletes
2025-12-24 02:26:47,212 - INFO - [291/693] OK mens-tennis 2021: 16 athletes
2025-12-24 02:26:47,357 - INFO - [292/693] OK mens-tennis 2025: 10 athletes
2025-12-24 02:26:47,550 - INFO - [293/693] OK mens-tennis 2024: 12 athletes
2025-12-24 02:26:47,551 - INFO - [294/693] OK mens-tennis 2023: 14 athletes
2025-12-24 02:26:49,748 - INFO - [297/693] OK mens-track-and-field 2007: 91 athletes
2025-12-24 02:26:51,140 - INFO - [298/693] OK mens-track-and-field 2009: 83 athletes
2025-12-24 02:26:51,359 - INFO - [299/693] OK mens-track-and-field 2010: 79 athletes
2025-12-24 02:26:51,454 - INFO - [300/693] OK mens-track-and-field 2008: 92 athletes
2025-12-24 02:26:51,518 - INFO - Progress: 300/693 (43.3%) - ETA: 2.0 min
2025-12-24 02:26:52,924 - INFO - [301/693] OK mens-track-and-field 2012: 84 athletes
2025-12-24 02:26:53,522 - INFO - [302/693] OK mens-track-and-field 2013: 90 athletes
2025-12-24 02:26:53,726 - INFO - [303/693] OK mens-track-and-field 2011: 80 athletes
2025-12-24 02:26:54,007 - INFO - [304/693] OK mens-track-and-field 2014: 76 athletes
2025-12-24 02:26:55,025 - INFO - [305/693] OK mens-track-and-field 2015: 87 athletes
2025-12-24 02:26:55,782 - INFO - [306/693] OK mens-track-and-field 2016: 76 athletes
2025-12-24 02:26:56,896 - INFO - [307/693] OK mens-track-and-field 2018: 66 athletes
2025-12-24 02:26:57,067 - INFO - [308/693] OK mens-track-and-field 2019: 72 athletes
2025-12-24 02:26:57,068 - INFO - [309/693] OK mens-track-and-field 2017: 78 athletes
2025-12-24 02:26:57,510 - INFO - [310/693] OK mens-track-and-field 2020: 72 athletes
2025-12-24 02:26:58,828 - INFO - [311/693] OK mens-track-and-field 2021: 71 athletes
2025-12-24 02:26:59,549 - INFO - [312/693] OK mens-track-and-field 2023: 72 athletes
2025-12-24 02:26:59,564 - INFO - [313/693] OK mens-track-and-field 2025: 64 athletes
2025-12-24 02:26:59,611 - INFO - [314/693] OK mens-track-and-field 2022: 74 athletes
2025-12-24 02:27:00,089 - INFO - [315/693] OK wrestling 2005: 32 athletes
2025-12-24 02:27:00,226 - INFO - [316/693] OK mens-track-and-field 2024: 70 athletes
2025-12-24 02:27:00,499 - INFO - [317/693] OK wrestling 2006: 30 athletes
2025-12-24 02:27:01,008 - INFO - [318/693] OK wrestling 2007: 35 athletes
2025-12-24 02:27:01,101 - INFO - [319/693] OK wrestling 2008: 38 athletes
2025-12-24 02:27:01,647 - INFO - [320/693] OK wrestling 2011: 37 athletes
2025-12-24 02:27:01,804 - INFO - [321/693] OK wrestling 2009: 39 athletes
2025-12-24 02:27:01,932 - INFO - [322/693] OK wrestling 2010: 40 athletes
2025-12-24 02:27:02,233 - INFO - [323/693] OK wrestling 2012: 38 athletes
2025-12-24 02:27:02,267 - INFO - [324/693] OK wrestling 2013: 36 athletes
2025-12-24 02:27:02,630 - INFO - [325/693] OK wrestling 2014: 36 athletes
2025-12-24 02:27:02,785 - INFO - [326/693] OK wrestling 2015: 36 athletes
2025-12-24 02:27:03,010 - INFO - [327/693] OK wrestling 2016: 41 athletes
2025-12-24 02:27:03,230 - INFO - [328/693] OK wrestling 2018: 38 athletes
2025-12-24 02:27:03,637 - INFO - [329/693] OK wrestling 2017: 40 athletes
2025-12-24 02:27:03,746 - INFO - [330/693] OK wrestling 2019: 34 athletes
2025-12-24 02:27:03,863 - INFO - [331/693] OK wrestling 2020: 23 athletes
2025-12-24 02:27:04,021 - INFO - [332/693] OK wrestling 2021: 39 athletes
2025-12-24 02:27:04,178 - INFO - [333/693] OK wrestling 2022: 36 athletes
2025-12-24 02:27:04,516 - INFO - [334/693] OK wrestling 2023: 41 athletes
2025-12-24 02:27:04,690 - INFO - [335/693] OK wrestling 2024: 43 athletes
2025-12-24 02:27:04,864 - INFO - [336/693] OK wrestling 2025: 44 athletes
2025-12-24 02:27:05,217 - INFO - [337/693] OK womens-basketball 2006: 13 athletes
2025-12-24 02:27:05,380 - INFO - [338/693] OK womens-basketball 2005: 15 athletes
2025-12-24 02:27:05,380 - INFO - [339/693] OK womens-basketball 2007: 13 athletes
2025-12-24 02:27:05,548 - INFO - [340/693] OK womens-basketball 2008: 10 athletes
2025-12-24 02:27:05,623 - INFO - [341/693] OK womens-basketball 2009: 13 athletes
2025-12-24 02:27:06,388 - INFO - [342/693] OK womens-basketball 2012: 15 athletes
2025-12-24 02:27:06,724 - INFO - [343/693] OK womens-basketball 2010: 12 athletes
2025-12-24 02:27:06,757 - INFO - [344/693] OK womens-basketball 2013: 14 athletes
2025-12-24 02:27:06,787 - INFO - [345/693] OK womens-basketball 2011: 16 athletes
2025-12-24 02:27:06,883 - INFO - [346/693] OK womens-basketball 2014: 14 athletes
2025-12-24 02:27:07,122 - INFO - [347/693] OK womens-basketball 2015: 12 athletes
2025-12-24 02:27:07,296 - INFO - [348/693] OK womens-basketball 2016: 17 athletes
2025-12-24 02:27:07,758 - INFO - [349/693] OK womens-basketball 2017: 16 athletes
2025-12-24 02:27:07,778 - INFO - [350/693] OK womens-basketball 2018: 15 athletes
2025-12-24 02:27:07,780 - INFO - Progress: 350/693 (50.5%) - ETA: 1.8 min
2025-12-24 02:27:07,891 - INFO - [351/693] OK womens-basketball 2019: 17 athletes
2025-12-24 02:27:08,219 - INFO - [352/693] OK womens-basketball 2021: 14 athletes
2025-12-24 02:27:08,331 - INFO - [353/693] OK womens-basketball 2020: 14 athletes
2025-12-24 02:27:08,528 - INFO - [354/693] OK womens-basketball 2022: 14 athletes
2025-12-24 02:27:08,629 - INFO - [355/693] OK womens-basketball 2024: 16 athletes
2025-12-24 02:27:08,747 - INFO - [356/693] OK womens-basketball 2023: 15 athletes
2025-12-24 02:27:08,908 - INFO - [357/693] OK womens-basketball 2025: 14 athletes
2025-12-24 02:27:09,876 - INFO - [358/693] OK womens-cross-country 2007: 43 athletes
2025-12-24 02:27:10,049 - INFO - [359/693] OK womens-cross-country 2005: 40 athletes
2025-12-24 02:27:10,189 - INFO - [360/693] OK womens-cross-country 2009: 39 athletes
2025-12-24 02:27:10,253 - INFO - [361/693] OK womens-cross-country 2008: 50 athletes
2025-12-24 02:27:10,359 - INFO - [362/693] OK womens-cross-country 2006: 38 athletes
2025-12-24 02:27:10,703 - INFO - [363/693] OK womens-cross-country 2010: 42 athletes
2025-12-24 02:27:10,999 - INFO - [364/693] OK womens-cross-country 2011: 50 athletes
2025-12-24 02:27:11,362 - INFO - [365/693] OK womens-cross-country 2014: 35 athletes
2025-12-24 02:27:11,523 - INFO - [366/693] OK womens-cross-country 2013: 40 athletes
2025-12-24 02:27:11,524 - INFO - [367/693] OK womens-cross-country 2012: 52 athletes
2025-12-24 02:27:12,255 - INFO - [368/693] OK womens-cross-country 2015: 42 athletes
2025-12-24 02:27:12,266 - INFO - [369/693] OK womens-cross-country 2016: 45 athletes
2025-12-24 02:27:12,640 - INFO - [370/693] OK womens-cross-country 2017: 43 athletes
2025-12-24 02:27:12,701 - INFO - [371/693] OK womens-cross-country 2018: 41 athletes
2025-12-24 02:27:12,874 - INFO - [372/693] OK womens-cross-country 2019: 43 athletes
2025-12-24 02:27:13,250 - INFO - [373/693] OK womens-cross-country 2021: 38 athletes
2025-12-24 02:27:13,338 - INFO - [374/693] OK womens-cross-country 2020: 43 athletes
2025-12-24 02:27:13,546 - INFO - [375/693] OK womens-cross-country 2023: 25 athletes
2025-12-24 02:27:13,552 - INFO - [376/693] OK womens-cross-country 2022: 28 athletes
2025-12-24 02:27:13,942 - INFO - [377/693] OK womens-cross-country 2025: 23 athletes
2025-12-24 02:27:14,081 - INFO - [378/693] OK womens-cross-country 2024: 28 athletes
2025-12-24 02:27:14,660 - INFO - [379/693] OK equestrian 2006: 30 athletes
2025-12-24 02:27:14,736 - INFO - [380/693] OK equestrian 2005: 29 athletes
2025-12-24 02:27:14,948 - INFO - [381/693] OK equestrian 2008: 29 athletes
2025-12-24 02:27:14,952 - INFO - [382/693] OK equestrian 2007: 25 athletes
2025-12-24 02:27:15,106 - INFO - [383/693] OK equestrian 2009: 29 athletes
2025-12-24 02:27:15,532 - INFO - [384/693] OK equestrian 2010: 29 athletes
2025-12-24 02:27:15,810 - INFO - [385/693] OK equestrian 2011: 28 athletes
2025-12-24 02:27:15,827 - INFO - [386/693] OK equestrian 2012: 29 athletes
2025-12-24 02:27:15,919 - INFO - [387/693] OK equestrian 2013: 30 athletes
2025-12-24 02:27:16,130 - INFO - [388/693] OK equestrian 2014: 31 athletes
2025-12-24 02:27:16,481 - INFO - [389/693] OK equestrian 2015: 34 athletes
2025-12-24 02:27:16,623 - INFO - [390/693] OK equestrian 2016: 33 athletes
2025-12-24 02:27:16,754 - INFO - [391/693] OK equestrian 2017: 31 athletes
2025-12-24 02:27:16,897 - INFO - [392/693] OK equestrian 2018: 33 athletes
2025-12-24 02:27:17,268 - INFO - [393/693] OK equestrian 2019: 32 athletes
2025-12-24 02:27:17,368 - INFO - [394/693] OK equestrian 2020: 22 athletes
2025-12-24 02:27:17,738 - INFO - [395/693] OK equestrian 2023: 25 athletes
2025-12-24 02:27:17,742 - INFO - [396/693] OK equestrian 2021: 27 athletes
2025-12-24 02:27:17,864 - INFO - [397/693] OK equestrian 2022: 23 athletes
2025-12-24 02:27:18,187 - INFO - [398/693] OK equestrian 2025: 38 athletes
2025-12-24 02:27:18,286 - INFO - [399/693] OK equestrian 2024: 28 athletes
2025-12-24 02:27:18,702 - INFO - [400/693] OK fencing 2005: 18 athletes
2025-12-24 02:27:18,719 - INFO - Progress: 400/693 (57.7%) - ETA: 1.4 min
2025-12-24 02:27:18,768 - INFO - [401/693] OK fencing 2007: 20 athletes
2025-12-24 02:27:18,853 - INFO - [402/693] OK fencing 2006: 20 athletes
2025-12-24 02:27:19,263 - INFO - [403/693] OK fencing 2008: 20 athletes
2025-12-24 02:27:19,374 - INFO - [404/693] OK fencing 2009: 18 athletes
2025-12-24 02:27:19,557 - INFO - [405/693] OK fencing 2012: 24 athletes
2025-12-24 02:27:19,815 - INFO - [406/693] OK fencing 2011: 24 athletes
2025-12-24 02:27:19,821 - INFO - [407/693] OK fencing 2010: 20 athletes
2025-12-24 02:27:19,998 - INFO - [408/693] OK fencing 2013: 23 athletes
2025-12-24 02:27:20,455 - INFO - [409/693] OK fencing 2014: 23 athletes
2025-12-24 02:27:20,565 - INFO - [410/693] OK fencing 2015: 24 athletes
2025-12-24 02:27:20,815 - INFO - [411/693] OK fencing 2017: 11 athletes
2025-12-24 02:27:20,957 - INFO - [412/693] OK fencing 2016: 19 athletes
2025-12-24 02:27:20,957 - INFO - [413/693] OK fencing 2018: 16 athletes
2025-12-24 02:27:21,164 - INFO - [414/693] OK fencing 2019: 23 athletes
2025-12-24 02:27:21,494 - INFO - [415/693] OK fencing 2020: 26 athletes
2025-12-24 02:27:21,704 - INFO - [416/693] OK fencing 2021: 28 athletes
2025-12-24 02:27:21,932 - INFO - [417/693] OK fencing 2022: 30 athletes
2025-12-24 02:27:22,174 - INFO - [418/693] OK fencing 2024: 24 athletes
2025-12-24 02:27:22,222 - INFO - [419/693] OK fencing 2023: 28 athletes
2025-12-24 02:27:22,341 - INFO - [420/693] OK fencing 2025: 24 athletes
2025-12-24 02:27:22,726 - INFO - [421/693] OK field-hockey 2005: 23 athletes
2025-12-24 02:27:22,838 - INFO - [422/693] OK field-hockey 2006: 23 athletes
2025-12-24 02:27:22,944 - INFO - [423/693] OK field-hockey 2008: 19 athletes
2025-12-24 02:27:23,139 - INFO - [424/693] OK field-hockey 2007: 21 athletes
2025-12-24 02:27:23,465 - INFO - [425/693] OK field-hockey 2009: 18 athletes
2025-12-24 02:27:23,757 - INFO - [426/693] OK field-hockey 2010: 23 athletes
2025-12-24 02:27:24,105 - INFO - [427/693] OK field-hockey 2011: 23 athletes
2025-12-24 02:27:24,119 - INFO - [428/693] OK field-hockey 2013: 19 athletes
2025-12-24 02:27:24,119 - INFO - [429/693] OK field-hockey 2012: 21 athletes
2025-12-24 02:27:24,300 - INFO - [430/693] OK field-hockey 2014: 18 athletes
2025-12-24 02:27:24,651 - INFO - [431/693] OK field-hockey 2015: 18 athletes
2025-12-24 02:27:25,040 - INFO - [432/693] OK field-hockey 2016: 19 athletes
2025-12-24 02:27:25,227 - INFO - [433/693] OK field-hockey 2017: 21 athletes
2025-12-24 02:27:25,260 - INFO - [434/693] OK field-hockey 2018: 20 athletes
2025-12-24 02:27:25,379 - INFO - [435/693] OK field-hockey 2019: 23 athletes
2025-12-24 02:27:25,612 - INFO - [436/693] OK field-hockey 2020: 27 athletes
2025-12-24 02:27:25,842 - INFO - [437/693] OK field-hockey 2021: 27 athletes
2025-12-24 02:27:26,603 - INFO - [438/693] OK field-hockey 2022: 28 athletes
2025-12-24 02:27:26,784 - INFO - [439/693] OK field-hockey 2024: 24 athletes
2025-12-24 02:27:26,786 - INFO - [440/693] OK field-hockey 2023: 26 athletes
2025-12-24 02:27:26,950 - INFO - [441/693] OK field-hockey 2025: 25 athletes
2025-12-24 02:27:27,083 - INFO - [442/693] OK womens-gymnastics 2005: 13 athletes
2025-12-24 02:27:27,314 - INFO - [443/693] OK womens-gymnastics 2006: 21 athletes
2025-12-24 02:27:27,507 - INFO - [444/693] OK womens-gymnastics 2007: 25 athletes
2025-12-24 02:27:27,675 - INFO - [445/693] OK womens-gymnastics 2008: 24 athletes
2025-12-24 02:27:28,033 - INFO - [446/693] OK womens-gymnastics 2009: 23 athletes
2025-12-24 02:27:28,177 - INFO - [447/693] OK womens-gymnastics 2010: 21 athletes
2025-12-24 02:27:28,302 - INFO - [448/693] OK womens-gymnastics 2012: 25 athletes
2025-12-24 02:27:28,573 - INFO - [449/693] OK womens-gymnastics 2011: 20 athletes
2025-12-24 02:27:28,664 - INFO - [450/693] OK womens-gymnastics 2013: 25 athletes
2025-12-24 02:27:28,665 - INFO - Progress: 450/693 (64.9%) - ETA: 1.2 min
2025-12-24 02:27:29,029 - INFO - [451/693] OK womens-gymnastics 2015: 23 athletes
2025-12-24 02:27:29,168 - INFO - [452/693] OK womens-gymnastics 2014: 22 athletes
2025-12-24 02:27:29,254 - INFO - [453/693] OK womens-gymnastics 2016: 23 athletes
2025-12-24 02:27:29,735 - INFO - [454/693] OK womens-gymnastics 2018: 24 athletes
2025-12-24 02:27:29,735 - INFO - [455/693] OK womens-gymnastics 2017: 26 athletes
2025-12-24 02:27:30,215 - INFO - [456/693] OK womens-gymnastics 2019: 23 athletes
2025-12-24 02:27:30,230 - INFO - [457/693] OK womens-gymnastics 2020: 25 athletes
2025-12-24 02:27:30,371 - INFO - [458/693] OK womens-gymnastics 2021: 25 athletes
2025-12-24 02:27:30,693 - INFO - [459/693] OK womens-gymnastics 2022: 26 athletes
2025-12-24 02:27:30,852 - INFO - [460/693] OK womens-gymnastics 2023: 27 athletes
2025-12-24 02:27:30,973 - INFO - [461/693] OK womens-gymnastics 2024: 25 athletes
2025-12-24 02:27:31,094 - INFO - [462/693] OK womens-gymnastics 2025: 24 athletes
2025-12-24 02:27:31,194 - INFO - [463/693] OK womens-ice-hockey 2005: 23 athletes
2025-12-24 02:27:31,573 - INFO - [464/693] OK womens-ice-hockey 2006: 23 athletes
2025-12-24 02:27:31,778 - INFO - [465/693] OK womens-ice-hockey 2007: 21 athletes
2025-12-24 02:27:31,944 - INFO - [466/693] OK womens-ice-hockey 2008: 26 athletes
2025-12-24 02:27:32,086 - INFO - [467/693] OK womens-ice-hockey 2009: 18 athletes
2025-12-24 02:27:32,414 - INFO - [468/693] OK womens-ice-hockey 2010: 20 athletes
2025-12-24 02:27:32,859 - INFO - [469/693] OK womens-ice-hockey 2012: 21 athletes
2025-12-24 02:27:32,861 - INFO - [470/693] OK womens-ice-hockey 2011: 21 athletes
2025-12-24 02:27:33,132 - INFO - [471/693] OK womens-ice-hockey 2013: 19 athletes
2025-12-24 02:27:33,142 - INFO - [472/693] OK womens-ice-hockey 2014: 20 athletes
2025-12-24 02:27:33,433 - INFO - [473/693] OK womens-ice-hockey 2015: 22 athletes
2025-12-24 02:27:33,645 - INFO - [474/693] OK womens-ice-hockey 2016: 19 athletes
2025-12-24 02:27:33,857 - INFO - [475/693] OK womens-ice-hockey 2017: 21 athletes
2025-12-24 02:27:34,110 - INFO - [476/693] OK womens-ice-hockey 2018: 23 athletes
2025-12-24 02:27:34,187 - INFO - [477/693] OK womens-ice-hockey 2019: 25 athletes
2025-12-24 02:27:34,388 - INFO - [478/693] OK womens-ice-hockey 2020: 26 athletes
2025-12-24 02:27:34,546 - INFO - [479/693] OK womens-ice-hockey 2021: 26 athletes
2025-12-24 02:27:34,867 - INFO - [480/693] OK womens-ice-hockey 2022: 27 athletes
2025-12-24 02:27:35,346 - INFO - [481/693] OK womens-ice-hockey 2023: 26 athletes
2025-12-24 02:27:35,561 - INFO - [482/693] OK womens-ice-hockey 2024: 27 athletes
2025-12-24 02:27:35,722 - INFO - [483/693] OK womens-ice-hockey 2025: 21 athletes
2025-12-24 02:27:35,782 - INFO - [484/693] OK womens-lacrosse 2005: 28 athletes
2025-12-24 02:27:35,923 - INFO - [485/693] OK womens-lacrosse 2006: 31 athletes
2025-12-24 02:27:36,115 - INFO - [486/693] OK womens-lacrosse 2007: 30 athletes
2025-12-24 02:27:36,362 - INFO - [487/693] OK womens-lacrosse 2008: 30 athletes
2025-12-24 02:27:36,563 - INFO - [488/693] OK womens-lacrosse 2009: 30 athletes
2025-12-24 02:27:36,702 - INFO - [489/693] OK womens-lacrosse 2010: 26 athletes
2025-12-24 02:27:36,853 - INFO - [490/693] OK womens-lacrosse 2012: 29 athletes
2025-12-24 02:27:36,987 - INFO - [491/693] OK womens-lacrosse 2011: 26 athletes
2025-12-24 02:27:37,383 - INFO - [492/693] OK womens-lacrosse 2013: 29 athletes
2025-12-24 02:27:37,857 - INFO - [493/693] OK womens-lacrosse 2014: 30 athletes
2025-12-24 02:27:38,104 - INFO - [494/693] OK womens-lacrosse 2015: 27 athletes
2025-12-24 02:27:38,124 - INFO - [495/693] OK womens-lacrosse 2016: 31 athletes
2025-12-24 02:27:38,400 - INFO - [496/693] OK womens-lacrosse 2017: 29 athletes
2025-12-24 02:27:38,400 - INFO - [497/693] OK womens-lacrosse 2018: 30 athletes
2025-12-24 02:27:38,637 - INFO - [498/693] OK womens-lacrosse 2019: 34 athletes
2025-12-24 02:27:39,127 - INFO - [499/693] OK womens-lacrosse 2021: 41 athletes
2025-12-24 02:27:39,148 - INFO - [500/693] OK womens-lacrosse 2020: 38 athletes
2025-12-24 02:27:39,148 - INFO - Progress: 500/693 (72.2%) - ETA: 0.9 min
2025-12-24 02:27:39,347 - INFO - [501/693] OK womens-lacrosse 2022: 40 athletes
2025-12-24 02:27:39,527 - INFO - [502/693] OK womens-lacrosse 2023: 36 athletes
2025-12-24 02:27:39,991 - INFO - [503/693] OK womens-lacrosse 2024: 40 athletes
2025-12-24 02:27:40,204 - INFO - [504/693] OK womens-lacrosse 2025: 43 athletes
2025-12-24 02:27:41,486 - INFO - [505/693] OK womens-rowing 2006: 39 athletes
2025-12-24 02:27:41,560 - INFO - [506/693] OK womens-rowing 2007: 45 athletes
2025-12-24 02:27:42,036 - INFO - [507/693] OK womens-rowing 2005: 66 athletes
2025-12-24 02:27:42,235 - INFO - [508/693] OK womens-rowing 2008: 48 athletes
2025-12-24 02:27:42,360 - INFO - [509/693] OK womens-rowing 2009: 54 athletes
2025-12-24 02:27:44,056 - INFO - [510/693] OK womens-rowing 2010: 57 athletes
2025-12-24 02:27:44,135 - INFO - [511/693] OK womens-rowing 2011: 50 athletes
2025-12-24 02:27:44,321 - INFO - [512/693] OK womens-rowing 2012: 44 athletes
2025-12-24 02:27:44,700 - INFO - [513/693] OK womens-rowing 2013: 42 athletes
2025-12-24 02:27:44,937 - INFO - [514/693] OK womens-rowing 2014: 50 athletes
2025-12-24 02:27:46,487 - INFO - [515/693] OK womens-rowing 2015: 52 athletes
2025-12-24 02:27:46,566 - INFO - [516/693] OK womens-rowing 2016: 48 athletes
2025-12-24 02:27:46,801 - INFO - [517/693] OK womens-rowing 2018: 34 athletes
2025-12-24 02:27:46,865 - INFO - [518/693] OK womens-rowing 2017: 38 athletes
2025-12-24 02:27:47,020 - INFO - [519/693] OK womens-rowing 2019: 41 athletes
2025-12-24 02:27:49,067 - INFO - [520/693] OK womens-rowing 2020: 40 athletes
2025-12-24 02:27:49,177 - INFO - [521/693] OK womens-rowing 2022: 47 athletes
2025-12-24 02:27:49,288 - INFO - [522/693] OK womens-rowing 2023: 47 athletes
2025-12-24 02:27:49,447 - INFO - [523/693] OK womens-rowing 2021: 52 athletes
2025-12-24 02:27:49,574 - INFO - [524/693] OK womens-rowing 2024: 48 athletes
2025-12-24 02:27:49,945 - INFO - [525/693] OK womens-rowing 2025: 56 athletes
2025-12-24 02:27:53,146 - INFO - [535/693] OK womens-sailing 2014: 15 athletes
2025-12-24 02:27:53,663 - INFO - [536/693] OK womens-sailing 2015: 15 athletes
2025-12-24 02:27:53,843 - INFO - [537/693] OK womens-sailing 2018: 15 athletes
2025-12-24 02:27:54,391 - INFO - [538/693] OK womens-sailing 2017: 19 athletes
2025-12-24 02:27:54,408 - INFO - [539/693] OK womens-sailing 2016: 17 athletes
2025-12-24 02:27:54,792 - INFO - [540/693] OK womens-sailing 2019: 20 athletes
2025-12-24 02:27:55,045 - INFO - [541/693] OK womens-sailing 2020: 22 athletes
2025-12-24 02:27:55,298 - INFO - [542/693] OK womens-sailing 2021: 22 athletes
2025-12-24 02:27:55,766 - INFO - [543/693] OK womens-sailing 2022: 19 athletes
2025-12-24 02:27:55,792 - INFO - [544/693] OK womens-sailing 2025: 19 athletes
2025-12-24 02:27:55,892 - INFO - [545/693] OK womens-sailing 2023: 16 athletes
2025-12-24 02:27:56,209 - INFO - [546/693] OK womens-sailing 2024: 18 athletes
2025-12-24 02:27:57,183 - INFO - [547/693] OK womens-soccer 2005: 26 athletes
2025-12-24 02:27:57,808 - INFO - [548/693] OK womens-soccer 2006: 34 athletes
2025-12-24 02:27:57,958 - INFO - [549/693] OK womens-soccer 2007: 26 athletes
2025-12-24 02:27:58,261 - INFO - [550/693] OK womens-soccer 2009: 25 athletes
2025-12-24 02:27:58,295 - INFO - Progress: 550/693 (79.4%) - ETA: 0.7 min
2025-12-24 02:27:58,327 - INFO - [551/693] OK womens-soccer 2008: 22 athletes
2025-12-24 02:27:59,164 - INFO - [552/693] OK womens-soccer 2010: 29 athletes
2025-12-24 02:27:59,436 - INFO - [553/693] OK womens-soccer 2012: 30 athletes
2025-12-24 02:27:59,637 - INFO - [554/693] OK womens-soccer 2011: 32 athletes
2025-12-24 02:28:00,169 - INFO - [555/693] OK womens-soccer 2013: 25 athletes
2025-12-24 02:28:00,543 - INFO - [556/693] OK womens-soccer 2014: 27 athletes
2025-12-24 02:28:01,711 - INFO - [557/693] OK womens-soccer 2017: 27 athletes
2025-12-24 02:28:01,737 - INFO - [558/693] OK womens-soccer 2015: 28 athletes
2025-12-24 02:28:01,762 - INFO - [559/693] OK womens-soccer 2016: 30 athletes
2025-12-24 02:28:01,890 - INFO - [560/693] OK womens-soccer 2018: 23 athletes
2025-12-24 02:28:02,913 - INFO - [561/693] OK womens-soccer 2019: 28 athletes
2025-12-24 02:28:03,541 - INFO - [562/693] OK womens-soccer 2020: 27 athletes
2025-12-24 02:28:03,705 - INFO - [563/693] OK womens-soccer 2021: 30 athletes
2025-12-24 02:28:04,131 - INFO - [564/693] OK womens-soccer 2022: 33 athletes
2025-12-24 02:28:04,299 - INFO - [565/693] OK womens-soccer 2023: 32 athletes
2025-12-24 02:28:04,551 - INFO - [566/693] OK womens-soccer 2025: 32 athletes
2025-12-24 02:28:04,950 - INFO - [567/693] OK womens-soccer 2024: 34 athletes
2025-12-24 02:28:05,257 - INFO - [568/693] OK softball 2005: 17 athletes
2025-12-24 02:28:05,847 - INFO - [569/693] OK softball 2006: 21 athletes
2025-12-24 02:28:06,071 - INFO - [570/693] OK softball 2007: 22 athletes
2025-12-24 02:28:06,113 - INFO - [571/693] OK softball 2008: 23 athletes
2025-12-24 02:28:06,780 - INFO - [572/693] OK softball 2009: 20 athletes
2025-12-24 02:28:06,847 - INFO - [573/693] OK softball 2010: 23 athletes
2025-12-24 02:28:07,148 - INFO - [574/693] OK softball 2011: 23 athletes
2025-12-24 02:28:07,658 - INFO - [575/693] OK softball 2013: 24 athletes
2025-12-24 02:28:07,766 - INFO - [576/693] OK softball 2012: 23 athletes
2025-12-24 02:28:08,442 - INFO - [577/693] OK softball 2014: 19 athletes
2025-12-24 02:28:08,884 - INFO - [578/693] OK softball 2015: 16 athletes
2025-12-24 02:28:08,907 - INFO - [579/693] OK softball 2016: 17 athletes
2025-12-24 02:28:09,046 - INFO - [580/693] OK softball 2017: 19 athletes
2025-12-24 02:28:09,353 - INFO - [581/693] OK softball 2018: 17 athletes
2025-12-24 02:28:09,625 - INFO - [582/693] OK softball 2019: 18 athletes
2025-12-24 02:28:09,892 - INFO - [583/693] OK softball 2020: 19 athletes
2025-12-24 02:28:10,122 - INFO - [584/693] OK softball 2021: 19 athletes
2025-12-24 02:28:10,833 - INFO - [585/693] OK softball 2024: 16 athletes
2025-12-24 02:28:10,969 - INFO - [586/693] OK softball 2025: 20 athletes
2025-12-24 02:28:11,080 - INFO - [587/693] OK softball 2023: 19 athletes
2025-12-24 02:28:11,387 - INFO - [588/693] OK womens-squash 2005: 13 athletes
2025-12-24 02:28:11,600 - INFO - [590/693] OK womens-squash 2007: 13 athletes
2025-12-24 02:28:11,944 - INFO - [591/693] OK womens-squash 2008: 14 athletes
2025-12-24 02:28:12,014 - INFO - [592/693] OK womens-squash 2006: 12 athletes
2025-12-24 02:28:12,308 - INFO - [593/693] OK womens-squash 2009: 13 athletes
2025-12-24 02:28:12,373 - INFO - [594/693] OK womens-squash 2010: 12 athletes
2025-12-24 02:28:12,501 - INFO - [595/693] OK womens-squash 2011: 16 athletes
2025-12-24 02:28:12,657 - INFO - [596/693] OK womens-squash 2012: 15 athletes
2025-12-24 02:28:12,744 - INFO - [597/693] OK womens-squash 2013: 10 athletes
2025-12-24 02:28:13,097 - INFO - [598/693] OK womens-squash 2015: 12 athletes
2025-12-24 02:28:13,111 - INFO - [599/693] OK womens-squash 2014: 12 athletes
2025-12-24 02:28:13,213 - INFO - [600/693] OK womens-squash 2016: 13 athletes
2025-12-24 02:28:13,216 - INFO - Progress: 600/693 (86.6%) - ETA: 0.4 min
2025-12-24 02:28:13,668 - INFO - [601/693] OK womens-squash 2017: 14 athletes
2025-12-24 02:28:13,700 - INFO - [602/693] OK womens-squash 2018: 13 athletes
2025-12-24 02:28:13,890 - INFO - [603/693] OK womens-squash 2020: 14 athletes
2025-12-24 02:28:14,009 - INFO - [604/693] OK womens-squash 2019: 14 athletes
2025-12-24 02:28:14,355 - INFO - [605/693] OK womens-squash 2021: 14 athletes
2025-12-24 02:28:14,734 - INFO - [606/693] OK womens-squash 2024: 13 athletes
2025-12-24 02:28:14,903 - INFO - [607/693] OK womens-squash 2023: 14 athletes
2025-12-24 02:28:14,937 - INFO - [608/693] OK womens-squash 2022: 14 athletes
2025-12-24 02:28:14,990 - INFO - [609/693] OK womens-squash 2025: 14 athletes
2025-12-24 02:28:15,602 - INFO - [610/693] OK womens-swimming-and-diving 2005: 26 athletes
2025-12-24 02:28:15,838 - INFO - [611/693] OK womens-swimming-and-diving 2006: 24 athletes
2025-12-24 02:28:15,938 - INFO - [612/693] OK womens-swimming-and-diving 2007: 29 athletes
2025-12-24 02:28:16,016 - INFO - [613/693] OK womens-swimming-and-diving 2008: 33 athletes
2025-12-24 02:28:16,135 - INFO - [614/693] OK womens-swimming-and-diving 2009: 28 athletes
2025-12-24 02:28:16,453 - INFO - [615/693] OK womens-swimming-and-diving 2010: 29 athletes
2025-12-24 02:28:16,594 - INFO - [616/693] OK womens-swimming-and-diving 2011: 28 athletes
2025-12-24 02:28:16,783 - INFO - [617/693] OK womens-swimming-and-diving 2014: 25 athletes
2025-12-24 02:28:17,135 - INFO - [618/693] OK womens-swimming-and-diving 2012: 25 athletes
2025-12-24 02:28:17,150 - INFO - [619/693] OK womens-swimming-and-diving 2013: 28 athletes
2025-12-24 02:28:17,319 - INFO - [620/693] OK womens-swimming-and-diving 2016: 31 athletes
2025-12-24 02:28:17,706 - INFO - [621/693] OK womens-swimming-and-diving 2015: 28 athletes
2025-12-24 02:28:17,834 - INFO - [622/693] OK womens-swimming-and-diving 2017: 27 athletes
2025-12-24 02:28:18,036 - INFO - [623/693] OK womens-swimming-and-diving 2018: 25 athletes
2025-12-24 02:28:18,115 - INFO - [624/693] OK womens-swimming-and-diving 2019: 27 athletes
2025-12-24 02:28:18,243 - INFO - [625/693] OK womens-swimming-and-diving 2020: 29 athletes
2025-12-24 02:28:18,480 - INFO - [626/693] OK womens-swimming-and-diving 2021: 27 athletes
2025-12-24 02:28:18,610 - INFO - [627/693] OK womens-swimming-and-diving 2022: 27 athletes
2025-12-24 02:28:18,822 - INFO - [628/693] OK womens-swimming-and-diving 2023: 31 athletes
2025-12-24 02:28:18,970 - INFO - [629/693] OK womens-swimming-and-diving 2025: 31 athletes
2025-12-24 02:28:19,124 - INFO - [630/693] OK womens-swimming-and-diving 2024: 34 athletes
2025-12-24 02:28:19,635 - INFO - [631/693] OK womens-tennis 2006: 10 athletes
2025-12-24 02:28:19,665 - INFO - [632/693] OK womens-tennis 2005: 12 athletes
2025-12-24 02:28:19,895 - INFO - [633/693] OK womens-tennis 2007: 10 athletes
2025-12-24 02:28:20,295 - INFO - [634/693] OK womens-tennis 2008: 9 athletes
2025-12-24 02:28:20,658 - INFO - [635/693] OK womens-tennis 2009: 10 athletes
2025-12-24 02:28:20,855 - INFO - [636/693] OK womens-tennis 2011: 11 athletes
2025-12-24 02:28:21,019 - INFO - [637/693] OK womens-tennis 2012: 10 athletes
2025-12-24 02:28:21,080 - INFO - [638/693] OK womens-tennis 2010: 10 athletes
2025-12-24 02:28:21,503 - INFO - [639/693] OK womens-tennis 2013: 11 athletes
2025-12-24 02:28:21,715 - INFO - [640/693] OK womens-tennis 2014: 9 athletes
2025-12-24 02:28:21,913 - INFO - [641/693] OK womens-tennis 2017: 7 athletes
2025-12-24 02:28:22,004 - INFO - [642/693] OK womens-tennis 2015: 11 athletes
2025-12-24 02:28:22,137 - INFO - [643/693] OK womens-tennis 2016: 11 athletes
2025-12-24 02:28:22,576 - INFO - [644/693] OK womens-tennis 2018: 6 athletes
2025-12-24 02:28:22,755 - INFO - [645/693] OK womens-tennis 2019: 9 athletes
2025-12-24 02:28:23,068 - INFO - [646/693] OK womens-tennis 2022: 10 athletes
2025-12-24 02:28:23,453 - INFO - [647/693] OK womens-tennis 2020: 11 athletes
2025-12-24 02:28:23,544 - INFO - [648/693] OK womens-tennis 2021: 12 athletes
2025-12-24 02:28:23,745 - INFO - [649/693] OK womens-tennis 2025: 9 athletes
2025-12-24 02:28:23,991 - INFO - [650/693] OK womens-tennis 2023: 10 athletes
2025-12-24 02:28:24,007 - INFO - Progress: 650/693 (93.8%) - ETA: 0.2 min
2025-12-24 02:28:24,035 - INFO - [651/693] OK womens-tennis 2024: 11 athletes
2025-12-24 02:28:26,185 - INFO - [652/693] OK womens-track-and-field 2005: 80 athletes
2025-12-24 02:28:26,862 - INFO - [653/693] OK womens-track-and-field 2006: 79 athletes
2025-12-24 02:28:26,971 - INFO - [654/693] OK womens-track-and-field 2007: 82 athletes
2025-12-24 02:28:27,028 - INFO - [655/693] OK womens-track-and-field 2008: 90 athletes
2025-12-24 02:28:27,144 - INFO - [656/693] OK womens-track-and-field 2009: 83 athletes
2025-12-24 02:28:30,090 - INFO - [657/693] OK womens-track-and-field 2013: 96 athletes
2025-12-24 02:28:30,512 - INFO - [658/693] OK womens-track-and-field 2010: 99 athletes
2025-12-24 02:28:30,840 - INFO - [659/693] OK womens-track-and-field 2012: 105 athletes
2025-12-24 02:28:30,855 - INFO - [660/693] OK womens-track-and-field 2011: 108 athletes
2025-12-24 02:28:31,091 - INFO - [661/693] OK womens-track-and-field 2014: 90 athletes
2025-12-24 02:28:33,060 - INFO - [662/693] OK womens-track-and-field 2015: 89 athletes
2025-12-24 02:28:33,693 - INFO - [663/693] OK womens-track-and-field 2016: 97 athletes
2025-12-24 02:28:33,944 - INFO - [664/693] OK womens-track-and-field 2018: 80 athletes
2025-12-24 02:28:33,975 - INFO - [665/693] OK womens-track-and-field 2017: 95 athletes
2025-12-24 02:28:34,832 - INFO - [666/693] OK womens-track-and-field 2019: 84 athletes
2025-12-24 02:28:36,053 - INFO - [667/693] OK womens-track-and-field 2020: 82 athletes
2025-12-24 02:28:36,661 - INFO - [668/693] OK womens-track-and-field 2022: 66 athletes
2025-12-24 02:28:37,255 - INFO - [669/693] OK womens-track-and-field 2021: 86 athletes
2025-12-24 02:28:37,411 - INFO - [670/693] OK womens-track-and-field 2023: 66 athletes
2025-12-24 02:28:37,488 - INFO - [671/693] OK womens-track-and-field 2025: 66 athletes
2025-12-24 02:28:37,550 - INFO - [672/693] OK womens-track-and-field 2024: 68 athletes
2025-12-24 02:28:39,204 - INFO - [673/693] OK womens-volleyball 2005: 18 athletes
2025-12-24 02:28:39,333 - INFO - [674/693] OK womens-volleyball 2006: 16 athletes
2025-12-24 02:28:39,399 - INFO - [675/693] OK womens-volleyball 2008: 16 athletes
2025-12-24 02:28:39,583 - INFO - [676/693] OK womens-volleyball 2007: 16 athletes
2025-12-24 02:28:39,652 - INFO - [677/693] OK womens-volleyball 2009: 17 athletes
2025-12-24 02:28:40,606 - INFO - [678/693] OK womens-volleyball 2011: 17 athletes
2025-12-24 02:28:40,792 - INFO - [679/693] OK womens-volleyball 2010: 18 athletes
2025-12-24 02:28:40,899 - INFO - [680/693] OK womens-volleyball 2012: 16 athletes
2025-12-24 02:28:41,048 - INFO - [681/693] OK womens-volleyball 2014: 11 athletes
2025-12-24 02:28:41,081 - INFO - [682/693] OK womens-volleyball 2013: 13 athletes
2025-12-24 02:28:42,114 - INFO - [683/693] OK womens-volleyball 2015: 16 athletes
2025-12-24 02:28:42,506 - INFO - [684/693] OK womens-volleyball 2017: 21 athletes
2025-12-24 02:28:42,647 - INFO - [685/693] OK womens-volleyball 2016: 20 athletes
2025-12-24 02:28:42,759 - INFO - [686/693] OK womens-volleyball 2019: 19 athletes
2025-12-24 02:28:43,027 - INFO - [687/693] OK womens-volleyball 2018: 22 athletes
2025-12-24 02:28:43,215 - INFO - [688/693] OK womens-volleyball 2020: 15 athletes
2025-12-24 02:28:44,188 - INFO - [689/693] OK womens-volleyball 2021: 17 athletes
2025-12-24 02:28:44,347 - INFO - [690/693] OK womens-volleyball 2022: 19 athletes
2025-12-24 02:28:44,379 - INFO - [691/693] OK womens-volleyball 2023: 22 athletes
2025-12-24 02:28:44,513 - INFO - [692/693] OK womens-volleyball 2025: 20 athletes
2025-12-24 02:28:44,676 - INFO - [693/693] OK womens-volleyball 2024: 21 athletes
2025-12-24 02:28:44,679 - INFO - 
==================================================
2025-12-24 02:28:44,680 - INFO - SCRAPE COMPLETE
2025-12-24 02:28:44,680 - INFO - ==================================================
2025-12-24 02:28:44,680 - INFO - Time elapsed: 3.4 minutes
2025-12-24 02:28:44,680 - INFO - Total records: 22820
2025-12-24 02:28:44,681 - INFO - Successful pages: 680
2025-12-24 02:28:44,681 - INFO - Failed pages: 13
2025-12-24 02:28:44,756 - INFO - Duplicates removed: 3
2025-12-24 02:28:44,910 - INFO - Data saved to: cornell_all_sports_alumni_2005_2025.csv
2025-12-24 02:28:44,911 - INFO - 
Records by sport:
2025-12-24 02:28:44,917 - INFO -    Football: 2318
2025-12-24 02:28:44,918 - INFO -    Womens Track And Field: 1789
2025-12-24 02:28:44,919 - INFO -    Mens Track And Field: 1476
2025-12-24 02:28:44,922 - INFO -    Sprint Football: 1240
2025-12-24 02:28:44,922 - INFO -    Rowing: 1035
2025-12-24 02:28:44,923 - INFO -    Womens Rowing: 998
2025-12-24 02:28:44,936 - INFO -    Mens Rowing: 967
2025-12-24 02:28:44,937 - INFO -    Mens Lacrosse: 928
2025-12-24 02:28:44,938 - INFO -    Womens Cross Country: 828
2025-12-24 02:28:44,946 - INFO -    Wrestling: 776
2025-12-24 02:28:44,947 - INFO -    Baseball: 692
2025-12-24 02:28:44,948 - INFO -    Womens Lacrosse: 678
2025-12-24 02:28:44,948 - INFO -    Mens Swimming And Diving: 641
2025-12-24 02:28:44,948 - INFO -    Mens Soccer: 617
2025-12-24 02:28:44,949 - INFO -    Equestrian: 615
2025-12-24 02:28:44,949 - INFO -    Womens Soccer: 600
2025-12-24 02:28:44,949 - INFO -    Womens Swimming And Diving: 592
2025-12-24 02:28:44,950 - INFO -    Mens Ice Hockey: 568
2025-12-24 02:28:44,950 - INFO -    Mens Cross Country: 560
2025-12-24 02:28:44,950 - INFO -    Womens Gymnastics: 490
2025-12-24 02:28:44,951 - INFO -    Womens Ice Hockey: 475
2025-12-24 02:28:44,952 - INFO -    Field Hockey: 466
2025-12-24 02:28:44,952 - INFO -    Fencing: 463
2025-12-24 02:28:44,952 - INFO -    Softball: 395
2025-12-24 02:28:44,952 - INFO -    Mens Basketball: 385
2025-12-24 02:28:44,953 - INFO -    Womens Volleyball: 370
2025-12-24 02:28:44,954 - INFO -    Mens Squash: 343
2025-12-24 02:28:44,954 - INFO -    Womens Basketball: 299
2025-12-24 02:28:44,955 - INFO -    Mens Tennis: 287
2025-12-24 02:28:44,956 - INFO -    Womens Squash: 279
2025-12-24 02:28:44,956 - INFO -    Mens Golf: 221
2025-12-24 02:28:44,957 - INFO -    Womens Sailing: 217
2025-12-24 02:28:44,959 - INFO -    Womens Tennis: 209
